<?xml version="1.0" encoding="UTF-8"?>
<!-- Generated by org.testng.reporters.JUnitReportReporter -->
<testsuite hostname="Admin-PC" failures="0" tests="1" name="tests.RegisterTest" time="7.794" errors="0" timestamp="2024-06-08T15:46:22 GMT+07:00" skipped="0">
  <testcase classname="tests.RegisterTest" name="registerSuccessfully" time="7.794"/>
  <system-out/>
</testsuite> <!-- tests.RegisterTest -->
